<?xml version="1.0" encoding="UTF-8"?>
<testsuite xmlns:xsi="http://www.w3.org/2001/XMLSchema-instance" xsi:noNamespaceSchemaLocation="https://maven.apache.org/surefire/maven-surefire-plugin/xsd/surefire-test-report-3.0.xsd" version="3.0" name="Validation.InputValidatorTest" time="0.114" tests="9" errors="0" skipped="0" failures="0">
  <properties>
[...]
</properties>
  <testcase name="spacesInNameShouldPass" classname="Validation.InputValidatorTest" time="0.01"/>
  <testcase name="emptyUsernameShouldFail" classname="Validation.InputValidatorTest" time="0.0"/>
  <testcase name="normalUsernameShouldPass" classname="Validation.InputValidatorTest" time="0.0"/>
  <testcase name="normalPetNameShouldPass" classname="Validation.InputValidatorTest" time="0.0"/>
  <testcase name="numbersInUsernameShouldFail" classname="Validation.InputValidatorTest" time="0.0"/>
  <testcase name="randomCharactersPetNameShouldFail" classname="Validation.InputValidatorTest" time="0.001"/>
  <testcase name="randomCharactersUsernameShouldFail" classname="Validation.InputValidatorTest" time="0.001"/>
  <testcase name="nullUsernameShouldFail" classname="Validation.InputValidatorTest" time="0.001"/>
  <testcase name="nullAnswerShouldFail" classname="Validation.InputValidatorTest" time="0.002"/>
</testsuite>